
12월 13, 2018 10:06:19.65 NEW SESSION
12월 13, 2018 10:06:19.66 [8600:1848:1213/100619.655:ERROR:http_bridge.cc(126)] NOT IMPLEMENTED

12월 17, 2018 03:04:24.41 NEW SESSION
12월 17, 2018 03:04:24.41 [7208:11596:1217/030424.408:ERROR:in_progress_cache_impl.cc(203)] Cache is not initialized, cannot RetrieveEntry.
12월 17, 2018 03:14:37.36 [7208:8228:1217/031437.362:ERROR:shader_disk_cache.cc(257)] Failed to create shader cache entry: -2
12월 17, 2018 03:15:23.66 [7208:11596:1217/031523.668:ERROR:http_bridge.cc(126)] NOT IMPLEMENTED

12월 17, 2018 14:41:54.56 NEW SESSION
12월 17, 2018 14:41:54.56 [3192:4864:1217/144154.564:ERROR:in_progress_cache_impl.cc(203)] Cache is not initialized, cannot RetrieveEntry.
12월 17, 2018 14:42:06.26 [3192:4864:1217/144206.267:ERROR:http_bridge.cc(126)] NOT IMPLEMENTED
12월 17, 2018 15:05:35.89 [3288:2236:1217/150535.896:ERROR:in_progress_cache_impl.cc(203)] Cache is not initialized, cannot RetrieveEntry.
12월 17, 2018 15:33:42.02 [3288:2236:1217/153342.024:ERROR:http_bridge.cc(126)] NOT IMPLEMENTED
12월 17, 2018 15:33:49.60 [12248:9200:1217/153349.604:ERROR:in_progress_cache_impl.cc(203)] Cache is not initialized, cannot RetrieveEntry.
12월 17, 2018 15:47:50.94 [12248:9200:1217/154750.943:ERROR:http_bridge.cc(126)] NOT IMPLEMENTED
12월 17, 2018 16:19:50.67 [3124:3632:1217/161950.669:ERROR:in_progress_cache_impl.cc(203)] Cache is not initialized, cannot RetrieveEntry.
12월 17, 2018 16:28:20.76 [3124:3632:1217/162820.762:ERROR:http_bridge.cc(126)] NOT IMPLEMENTED
12월 17, 2018 16:50:07.72 [4340:12116:1217/165007.718:ERROR:in_progress_cache_impl.cc(203)] Cache is not initialized, cannot RetrieveEntry.
12월 17, 2018 17:40:18.41 [4340:12116:1217/174018.415:ERROR:http_bridge.cc(126)] NOT IMPLEMENTED

12월 17, 2018 22:33:26.48 NEW SESSION
12월 17, 2018 22:33:26.48 [1584:3012:1217/223326.478:ERROR:http_bridge.cc(126)] NOT IMPLEMENTED
12월 17, 2018 22:33:31.63 [3228:11788:1217/223331.629:ERROR:in_progress_cache_impl.cc(203)] Cache is not initialized, cannot RetrieveEntry.
12월 17, 2018 22:33:46.21 [3228:11788:1217/223346.213:ERROR:http_bridge.cc(126)] NOT IMPLEMENTED
12월 17, 2018 22:33:50.51 [11380:10064:1217/223350.517:ERROR:in_progress_cache_impl.cc(203)] Cache is not initialized, cannot RetrieveEntry.
12월 17, 2018 22:33:59.21 [11380:10064:1217/223359.211:ERROR:http_bridge.cc(126)] NOT IMPLEMENTED
12월 17, 2018 22:34:10.47 [792:7100:1217/223410.473:ERROR:in_progress_cache_impl.cc(203)] Cache is not initialized, cannot RetrieveEntry.
12월 17, 2018 22:35:43.00 [792:7100:1217/223543.003:ERROR:http_bridge.cc(126)] NOT IMPLEMENTED
12월 17, 2018 22:36:21.64 [4244:9972:1217/223621.605:ERROR:in_progress_cache_impl.cc(203)] Cache is not initialized, cannot RetrieveEntry.
12월 17, 2018 22:37:30.64 [4244:9972:1217/223730.648:ERROR:http_bridge.cc(126)] NOT IMPLEMENTED

12월 18, 2018 09:10:48.10 NEW SESSION
12월 18, 2018 09:10:48.10 [2076:9320:1218/091048.104:ERROR:http_bridge.cc(126)] NOT IMPLEMENTED
12월 18, 2018 09:10:56.51 [1444:956:1218/091056.513:ERROR:in_progress_cache_impl.cc(203)] Cache is not initialized, cannot RetrieveEntry.
12월 18, 2018 09:11:56.72 [1444:956:1218/091156.720:ERROR:http_bridge.cc(126)] NOT IMPLEMENTED
12월 18, 2018 09:12:10.52 [4000:4252:1218/091210.520:ERROR:in_progress_cache_impl.cc(203)] Cache is not initialized, cannot RetrieveEntry.
12월 18, 2018 09:12:30.77 [4000:4252:1218/091230.775:ERROR:http_bridge.cc(126)] NOT IMPLEMENTED
12월 18, 2018 09:12:40.72 [4980:9068:1218/091240.724:ERROR:in_progress_cache_impl.cc(203)] Cache is not initialized, cannot RetrieveEntry.
12월 18, 2018 09:13:21.04 [4980:9068:1218/091321.046:ERROR:http_bridge.cc(126)] NOT IMPLEMENTED
12월 18, 2018 09:14:01.21 [3120:11804:1218/091401.213:ERROR:in_progress_cache_impl.cc(203)] Cache is not initialized, cannot RetrieveEntry.
12월 18, 2018 09:14:12.73 [3120:11804:1218/091412.734:ERROR:http_bridge.cc(126)] NOT IMPLEMENTED
12월 18, 2018 09:14:53.41 [4828:11876:1218/091453.409:ERROR:in_progress_cache_impl.cc(203)] Cache is not initialized, cannot RetrieveEntry.
12월 18, 2018 09:15:02.11 [4828:11876:1218/091502.113:ERROR:http_bridge.cc(126)] NOT IMPLEMENTED
12월 18, 2018 09:32:15.96 [3840:11476:1218/093215.959:ERROR:in_progress_cache_impl.cc(203)] Cache is not initialized, cannot RetrieveEntry.
12월 18, 2018 09:32:56.26 [3840:11476:1218/093256.269:ERROR:http_bridge.cc(126)] NOT IMPLEMENTED
12월 18, 2018 09:38:46.31 [12108:9508:1218/093846.301:ERROR:in_progress_cache_impl.cc(203)] Cache is not initialized, cannot RetrieveEntry.
12월 18, 2018 09:40:17.01 [12108:9508:1218/094017.016:ERROR:http_bridge.cc(126)] NOT IMPLEMENTED
12월 18, 2018 09:41:34.07 [12132:11548:1218/094134.070:ERROR:in_progress_cache_impl.cc(203)] Cache is not initialized, cannot RetrieveEntry.
12월 18, 2018 09:41:47.99 [12132:11548:1218/094147.997:ERROR:http_bridge.cc(126)] NOT IMPLEMENTED
12월 18, 2018 09:45:10.99 [1936:5504:1218/094510.997:ERROR:in_progress_cache_impl.cc(203)] Cache is not initialized, cannot RetrieveEntry.
12월 18, 2018 09:45:20.25 [1936:5504:1218/094520.254:ERROR:http_bridge.cc(126)] NOT IMPLEMENTED
12월 18, 2018 09:45:39.38 [8024:7044:1218/094539.388:ERROR:in_progress_cache_impl.cc(203)] Cache is not initialized, cannot RetrieveEntry.
12월 18, 2018 09:47:19.27 [8024:7044:1218/094719.274:ERROR:http_bridge.cc(126)] NOT IMPLEMENTED
12월 18, 2018 09:47:26.85 [11028:8096:1218/094726.851:ERROR:in_progress_cache_impl.cc(203)] Cache is not initialized, cannot RetrieveEntry.
12월 18, 2018 09:47:49.16 [11028:8096:1218/094749.162:ERROR:http_bridge.cc(126)] NOT IMPLEMENTED
12월 18, 2018 09:49:59.52 [1152:10540:1218/094959.523:ERROR:in_progress_cache_impl.cc(203)] Cache is not initialized, cannot RetrieveEntry.
12월 18, 2018 09:52:11.27 [1152:10540:1218/095211.270:ERROR:http_bridge.cc(126)] NOT IMPLEMENTED
12월 18, 2018 09:52:37.48 [4324:11744:1218/095237.485:ERROR:in_progress_cache_impl.cc(203)] Cache is not initialized, cannot RetrieveEntry.
12월 18, 2018 09:53:03.62 [4324:11744:1218/095303.625:ERROR:http_bridge.cc(126)] NOT IMPLEMENTED

12월 18, 2018 09:54:18.68 NEW SESSION
12월 18, 2018 09:54:18.68 [3428:12052:1218/095418.677:ERROR:in_progress_cache_impl.cc(203)] Cache is not initialized, cannot RetrieveEntry.
12월 18, 2018 09:55:07.18 [3428:12052:1218/095507.183:ERROR:http_bridge.cc(126)] NOT IMPLEMENTED
12월 18, 2018 09:55:19.00 [2272:1356:1218/095518.965:ERROR:in_progress_cache_impl.cc(203)] Cache is not initialized, cannot RetrieveEntry.
12월 18, 2018 09:56:02.11 [2272:1356:1218/095602.119:ERROR:http_bridge.cc(126)] NOT IMPLEMENTED
12월 18, 2018 09:56:06.45 [4736:9980:1218/095606.434:ERROR:in_progress_cache_impl.cc(203)] Cache is not initialized, cannot RetrieveEntry.
12월 18, 2018 09:57:21.58 [4736:9980:1218/095721.579:ERROR:http_bridge.cc(126)] NOT IMPLEMENTED
12월 18, 2018 09:57:25.64 [11284:11692:1218/095725.638:ERROR:in_progress_cache_impl.cc(203)] Cache is not initialized, cannot RetrieveEntry.
12월 18, 2018 09:57:29.49 [11284:11692:1218/095729.495:ERROR:http_bridge.cc(126)] NOT IMPLEMENTED
12월 18, 2018 10:00:41.66 [9032:7304:1218/100041.663:ERROR:in_progress_cache_impl.cc(203)] Cache is not initialized, cannot RetrieveEntry.
12월 18, 2018 10:00:49.75 [9032:7304:1218/100049.752:ERROR:http_bridge.cc(126)] NOT IMPLEMENTED
12월 18, 2018 10:01:16.75 [3708:6112:1218/100116.753:ERROR:in_progress_cache_impl.cc(203)] Cache is not initialized, cannot RetrieveEntry.
12월 18, 2018 10:01:47.24 [3708:6112:1218/100147.243:ERROR:http_bridge.cc(126)] NOT IMPLEMENTED
12월 18, 2018 10:02:24.99 [11268:11548:1218/100224.977:ERROR:in_progress_cache_impl.cc(203)] Cache is not initialized, cannot RetrieveEntry.
12월 18, 2018 10:04:18.54 [11268:11548:1218/100418.547:ERROR:http_bridge.cc(126)] NOT IMPLEMENTED
12월 18, 2018 10:04:21.96 [7528:10768:1218/100421.968:ERROR:in_progress_cache_impl.cc(203)] Cache is not initialized, cannot RetrieveEntry.
12월 18, 2018 10:04:26.34 [7528:10768:1218/100426.344:ERROR:http_bridge.cc(126)] NOT IMPLEMENTED
12월 18, 2018 10:04:34.95 [364:5816:1218/100434.953:ERROR:in_progress_cache_impl.cc(203)] Cache is not initialized, cannot RetrieveEntry.
12월 18, 2018 10:09:00.51 [364:5816:1218/100900.516:ERROR:http_bridge.cc(126)] NOT IMPLEMENTED
12월 18, 2018 10:12:33.88 [6476:9316:1218/101233.888:ERROR:in_progress_cache_impl.cc(203)] Cache is not initialized, cannot RetrieveEntry.
12월 18, 2018 10:12:38.58 [6476:9316:1218/101238.588:ERROR:http_bridge.cc(126)] NOT IMPLEMENTED
12월 18, 2018 10:12:48.44 [7920:9256:1218/101248.447:ERROR:in_progress_cache_impl.cc(203)] Cache is not initialized, cannot RetrieveEntry.
12월 18, 2018 10:13:54.20 [7920:9256:1218/101354.202:ERROR:http_bridge.cc(126)] NOT IMPLEMENTED
12월 18, 2018 10:13:58.24 [5848:11508:1218/101358.237:ERROR:in_progress_cache_impl.cc(203)] Cache is not initialized, cannot RetrieveEntry.
12월 18, 2018 10:14:37.97 [5848:11508:1218/101437.976:ERROR:http_bridge.cc(126)] NOT IMPLEMENTED
12월 18, 2018 10:30:32.18 [6828:8448:1218/103032.186:ERROR:in_progress_cache_impl.cc(203)] Cache is not initialized, cannot RetrieveEntry.
12월 18, 2018 10:57:03.04 [6828:8448:1218/105703.039:ERROR:http_bridge.cc(126)] NOT IMPLEMENTED
12월 18, 2018 13:08:07.24 [9352:5368:1218/130807.247:ERROR:in_progress_cache_impl.cc(203)] Cache is not initialized, cannot RetrieveEntry.
12월 18, 2018 13:09:07.56 [9352:5368:1218/130907.559:ERROR:http_bridge.cc(126)] NOT IMPLEMENTED
12월 18, 2018 13:09:25.09 [1624:11572:1218/130925.088:ERROR:in_progress_cache_impl.cc(203)] Cache is not initialized, cannot RetrieveEntry.
12월 18, 2018 13:10:12.33 [1624:11572:1218/131012.335:ERROR:http_bridge.cc(126)] NOT IMPLEMENTED
12월 18, 2018 13:20:38.66 [560:1268:1218/132038.663:ERROR:in_progress_cache_impl.cc(203)] Cache is not initialized, cannot RetrieveEntry.
12월 18, 2018 13:21:42.96 [560:1268:1218/132142.959:ERROR:http_bridge.cc(126)] NOT IMPLEMENTED
12월 18, 2018 13:21:53.30 [2916:12232:1218/132153.303:ERROR:in_progress_cache_impl.cc(203)] Cache is not initialized, cannot RetrieveEntry.
12월 18, 2018 13:37:58.57 [2916:12232:1218/133758.571:ERROR:http_bridge.cc(126)] NOT IMPLEMENTED
12월 18, 2018 13:38:04.91 [2036:5532:1218/133804.916:ERROR:in_progress_cache_impl.cc(203)] Cache is not initialized, cannot RetrieveEntry.
12월 18, 2018 13:49:02.24 [2036:5532:1218/134902.240:ERROR:http_bridge.cc(126)] NOT IMPLEMENTED
12월 18, 2018 15:10:10.54 [9212:6672:1218/151010.544:ERROR:in_progress_cache_impl.cc(203)] Cache is not initialized, cannot RetrieveEntry.
12월 18, 2018 15:12:01.92 [9212:6672:1218/151201.925:ERROR:http_bridge.cc(126)] NOT IMPLEMENTED
12월 18, 2018 15:12:05.59 [288:7292:1218/151205.588:ERROR:in_progress_cache_impl.cc(203)] Cache is not initialized, cannot RetrieveEntry.
12월 18, 2018 15:28:29.44 [288:7292:1218/152829.447:ERROR:http_bridge.cc(126)] NOT IMPLEMENTED
12월 18, 2018 15:40:30.38 [6084:9720:1218/154030.379:ERROR:in_progress_cache_impl.cc(203)] Cache is not initialized, cannot RetrieveEntry.
12월 18, 2018 15:41:46.58 [6084:9720:1218/154146.583:ERROR:http_bridge.cc(126)] NOT IMPLEMENTED
12월 18, 2018 15:41:55.42 [10084:4256:1218/154155.421:ERROR:in_progress_cache_impl.cc(203)] Cache is not initialized, cannot RetrieveEntry.
12월 18, 2018 15:46:39.25 [10084:4256:1218/154639.252:ERROR:http_bridge.cc(126)] NOT IMPLEMENTED
12월 18, 2018 15:46:49.92 [8848:8404:1218/154649.922:ERROR:in_progress_cache_impl.cc(203)] Cache is not initialized, cannot RetrieveEntry.
12월 18, 2018 15:50:52.60 [8848:8404:1218/155052.602:ERROR:http_bridge.cc(126)] NOT IMPLEMENTED
12월 18, 2018 15:50:57.34 [11536:9752:1218/155057.339:ERROR:in_progress_cache_impl.cc(203)] Cache is not initialized, cannot RetrieveEntry.
12월 18, 2018 15:58:39.10 [11536:9752:1218/155839.103:ERROR:http_bridge.cc(126)] NOT IMPLEMENTED
12월 18, 2018 15:58:48.47 [2628:7436:1218/155848.474:ERROR:in_progress_cache_impl.cc(203)] Cache is not initialized, cannot RetrieveEntry.
12월 18, 2018 16:28:46.54 [2628:7436:1218/162846.548:ERROR:http_bridge.cc(126)] NOT IMPLEMENTED
12월 18, 2018 16:30:04.89 [9424:6456:1218/163004.889:ERROR:in_progress_cache_impl.cc(203)] Cache is not initialized, cannot RetrieveEntry.
12월 18, 2018 16:31:52.85 [9424:6456:1218/163152.853:ERROR:http_bridge.cc(126)] NOT IMPLEMENTED
12월 18, 2018 16:32:00.40 [11148:7404:1218/163200.400:ERROR:in_progress_cache_impl.cc(203)] Cache is not initialized, cannot RetrieveEntry.

12월 18, 2018 23:57:39.21 NEW SESSION
12월 18, 2018 23:57:39.21 [6280:9948:1218/235739.204:ERROR:textfield.cc(1777)] NOT IMPLEMENTED
12월 18, 2018 23:58:25.67 [6280:9948:1218/235825.670:ERROR:http_bridge.cc(126)] NOT IMPLEMENTED

12월 19, 2018 10:24:09.70 NEW SESSION
12월 19, 2018 10:24:09.70 [9956:9316:1219/102409.682:ERROR:in_progress_cache_impl.cc(203)] Cache is not initialized, cannot RetrieveEntry.
12월 19, 2018 10:27:01.35 [9956:9316:1219/102701.354:ERROR:http_bridge.cc(126)] NOT IMPLEMENTED
12월 19, 2018 10:29:23.46 [11248:6112:1219/102923.430:ERROR:in_progress_cache_impl.cc(203)] Cache is not initialized, cannot RetrieveEntry.
12월 19, 2018 10:41:09.11 [11248:6112:1219/104109.115:ERROR:http_bridge.cc(126)] NOT IMPLEMENTED
12월 19, 2018 10:44:59.50 [2432:11232:1219/104459.499:ERROR:in_progress_cache_impl.cc(203)] Cache is not initialized, cannot RetrieveEntry.
12월 19, 2018 11:11:36.97 [2432:11232:1219/111136.977:ERROR:http_bridge.cc(126)] NOT IMPLEMENTED
12월 19, 2018 11:11:52.83 [2908:3988:1219/111152.826:ERROR:in_progress_cache_impl.cc(203)] Cache is not initialized, cannot RetrieveEntry.
12월 19, 2018 11:13:24.80 [2908:3988:1219/111324.801:ERROR:http_bridge.cc(126)] NOT IMPLEMENTED
12월 19, 2018 11:14:05.69 [4416:928:1219/111405.689:ERROR:in_progress_cache_impl.cc(203)] Cache is not initialized, cannot RetrieveEntry.
12월 19, 2018 11:14:09.23 [4416:928:1219/111409.229:ERROR:http_bridge.cc(126)] NOT IMPLEMENTED
12월 19, 2018 11:14:15.99 [6164:7296:1219/111415.989:ERROR:in_progress_cache_impl.cc(203)] Cache is not initialized, cannot RetrieveEntry.
12월 19, 2018 11:14:39.61 [6164:7296:1219/111439.618:ERROR:http_bridge.cc(126)] NOT IMPLEMENTED
12월 19, 2018 11:28:38.66 [8476:6436:1219/112838.662:ERROR:in_progress_cache_impl.cc(203)] Cache is not initialized, cannot RetrieveEntry.
12월 19, 2018 11:54:37.89 [8476:6436:1219/115437.891:ERROR:http_bridge.cc(126)] NOT IMPLEMENTED
12월 19, 2018 11:54:46.94 [12196:4620:1219/115446.947:ERROR:in_progress_cache_impl.cc(203)] Cache is not initialized, cannot RetrieveEntry.
12월 19, 2018 11:59:37.46 [12196:4620:1219/115937.461:ERROR:textfield.cc(1777)] NOT IMPLEMENTED
12월 19, 2018 11:59:51.27 [12196:4620:1219/115951.271:ERROR:http_bridge.cc(126)] NOT IMPLEMENTED
12월 19, 2018 12:01:39.20 [8540:3044:1219/120139.198:ERROR:in_progress_cache_impl.cc(203)] Cache is not initialized, cannot RetrieveEntry.
12월 19, 2018 12:08:06.35 [8540:3044:1219/120806.350:ERROR:http_bridge.cc(126)] NOT IMPLEMENTED
12월 19, 2018 12:08:13.86 [10312:1468:1219/120813.864:ERROR:in_progress_cache_impl.cc(203)] Cache is not initialized, cannot RetrieveEntry.
12월 19, 2018 12:09:00.62 [10312:1468:1219/120900.626:ERROR:http_bridge.cc(126)] NOT IMPLEMENTED
12월 19, 2018 12:09:27.15 [8936:11332:1219/120927.154:ERROR:in_progress_cache_impl.cc(203)] Cache is not initialized, cannot RetrieveEntry.
12월 19, 2018 12:28:05.89 [8936:11332:1219/122805.892:ERROR:http_bridge.cc(126)] NOT IMPLEMENTED
12월 19, 2018 12:30:58.27 [11360:2716:1219/123058.272:ERROR:in_progress_cache_impl.cc(203)] Cache is not initialized, cannot RetrieveEntry.
12월 19, 2018 12:35:21.02 [11360:2716:1219/123521.023:ERROR:http_bridge.cc(126)] NOT IMPLEMENTED
12월 19, 2018 12:35:27.03 [4468:6920:1219/123527.029:ERROR:in_progress_cache_impl.cc(203)] Cache is not initialized, cannot RetrieveEntry.
12월 19, 2018 12:41:36.14 [4468:6920:1219/124136.142:ERROR:http_bridge.cc(126)] NOT IMPLEMENTED
12월 19, 2018 12:41:47.39 [540:5364:1219/124147.389:ERROR:in_progress_cache_impl.cc(203)] Cache is not initialized, cannot RetrieveEntry.
12월 19, 2018 12:42:21.34 [540:5364:1219/124221.311:ERROR:http_bridge.cc(126)] NOT IMPLEMENTED
12월 19, 2018 12:42:36.65 [6124:6060:1219/124236.655:ERROR:in_progress_cache_impl.cc(203)] Cache is not initialized, cannot RetrieveEntry.
12월 19, 2018 12:44:28.13 [6124:6060:1219/124428.134:ERROR:http_bridge.cc(126)] NOT IMPLEMENTED
12월 19, 2018 12:44:48.66 [5992:11888:1219/124448.668:ERROR:in_progress_cache_impl.cc(203)] Cache is not initialized, cannot RetrieveEntry.
12월 19, 2018 12:45:11.25 [5992:11888:1219/124511.254:ERROR:http_bridge.cc(126)] NOT IMPLEMENTED
12월 19, 2018 12:45:34.21 [10636:9184:1219/124534.207:ERROR:in_progress_cache_impl.cc(203)] Cache is not initialized, cannot RetrieveEntry.
12월 19, 2018 12:52:33.23 [10636:9184:1219/125233.231:ERROR:http_bridge.cc(126)] NOT IMPLEMENTED
12월 19, 2018 12:52:51.90 [8580:8940:1219/125251.893:ERROR:in_progress_cache_impl.cc(203)] Cache is not initialized, cannot RetrieveEntry.
12월 19, 2018 12:53:01.84 [8580:8940:1219/125301.840:ERROR:http_bridge.cc(126)] NOT IMPLEMENTED
12월 19, 2018 12:53:04.77 [10644:5788:1219/125304.776:ERROR:in_progress_cache_impl.cc(203)] Cache is not initialized, cannot RetrieveEntry.
12월 19, 2018 13:17:38.17 [10644:5788:1219/131738.177:ERROR:http_bridge.cc(126)] NOT IMPLEMENTED
12월 19, 2018 13:36:02.08 [6920:10468:1219/133602.082:ERROR:in_progress_cache_impl.cc(203)] Cache is not initialized, cannot RetrieveEntry.
12월 19, 2018 13:37:14.92 [6920:10468:1219/133714.929:ERROR:http_bridge.cc(126)] NOT IMPLEMENTED
12월 19, 2018 13:37:28.71 [11136:11736:1219/133728.718:ERROR:in_progress_cache_impl.cc(203)] Cache is not initialized, cannot RetrieveEntry.
12월 19, 2018 13:39:26.97 [11136:11736:1219/133926.973:ERROR:http_bridge.cc(126)] NOT IMPLEMENTED
12월 19, 2018 13:39:29.63 [5924:11436:1219/133929.635:ERROR:in_progress_cache_impl.cc(203)] Cache is not initialized, cannot RetrieveEntry.
12월 19, 2018 13:39:42.67 [5924:11436:1219/133942.674:ERROR:http_bridge.cc(126)] NOT IMPLEMENTED
12월 19, 2018 13:39:42.70 [5924:10436:1219/133942.675:ERROR:get_updates_processor.cc(242)] PostClientToServerMessage() failed during GetUpdates
12월 19, 2018 13:39:49.47 [11280:7144:1219/133949.478:ERROR:in_progress_cache_impl.cc(203)] Cache is not initialized, cannot RetrieveEntry.
12월 19, 2018 13:41:00.34 [11280:7144:1219/134100.340:ERROR:http_bridge.cc(126)] NOT IMPLEMENTED
12월 19, 2018 13:41:09.25 [5216:2628:1219/134109.245:ERROR:in_progress_cache_impl.cc(203)] Cache is not initialized, cannot RetrieveEntry.
12월 19, 2018 13:48:31.42 [5216:2628:1219/134831.420:ERROR:http_bridge.cc(126)] NOT IMPLEMENTED
12월 19, 2018 13:52:55.40 [8072:1064:1219/135255.406:ERROR:in_progress_cache_impl.cc(203)] Cache is not initialized, cannot RetrieveEntry.
12월 19, 2018 13:54:58.96 [8072:1064:1219/135458.969:ERROR:http_bridge.cc(126)] NOT IMPLEMENTED
12월 19, 2018 13:57:14.40 [4208:5924:1219/135714.400:ERROR:in_progress_cache_impl.cc(203)] Cache is not initialized, cannot RetrieveEntry.
12월 19, 2018 13:58:38.98 [4208:5924:1219/135838.987:ERROR:http_bridge.cc(126)] NOT IMPLEMENTED
12월 19, 2018 13:58:46.07 [1176:10080:1219/135846.070:ERROR:in_progress_cache_impl.cc(203)] Cache is not initialized, cannot RetrieveEntry.
12월 19, 2018 14:39:07.47 [1176:10080:1219/143907.475:ERROR:http_bridge.cc(126)] NOT IMPLEMENTED
12월 19, 2018 14:39:39.73 [3400:11848:1219/143939.738:ERROR:in_progress_cache_impl.cc(203)] Cache is not initialized, cannot RetrieveEntry.
12월 19, 2018 14:43:11.62 [3400:11848:1219/144311.624:ERROR:http_bridge.cc(126)] NOT IMPLEMENTED
12월 19, 2018 15:17:35.23 [9140:10308:1219/151735.228:ERROR:in_progress_cache_impl.cc(203)] Cache is not initialized, cannot RetrieveEntry.
12월 19, 2018 15:20:10.20 [9140:10308:1219/152010.205:ERROR:http_bridge.cc(126)] NOT IMPLEMENTED
12월 19, 2018 15:20:24.17 [1480:4084:1219/152024.123:ERROR:in_progress_cache_impl.cc(203)] Cache is not initialized, cannot RetrieveEntry.
12월 19, 2018 15:22:53.33 [1480:4084:1219/152253.333:ERROR:http_bridge.cc(126)] NOT IMPLEMENTED
12월 19, 2018 15:23:54.16 [5584:328:1219/152354.168:ERROR:in_progress_cache_impl.cc(203)] Cache is not initialized, cannot RetrieveEntry.
12월 19, 2018 15:24:10.85 [5584:328:1219/152410.854:ERROR:http_bridge.cc(126)] NOT IMPLEMENTED
12월 19, 2018 17:26:18.25 [7564:5232:1219/172618.248:ERROR:in_progress_cache_impl.cc(203)] Cache is not initialized, cannot RetrieveEntry.
12월 19, 2018 17:42:58.11 [7564:5232:1219/174258.116:ERROR:http_bridge.cc(126)] NOT IMPLEMENTED
12월 19, 2018 17:44:09.17 [9808:2300:1219/174409.173:ERROR:in_progress_cache_impl.cc(203)] Cache is not initialized, cannot RetrieveEntry.
12월 19, 2018 17:57:01.64 [9808:2300:1219/175701.643:ERROR:http_bridge.cc(126)] NOT IMPLEMENTED
12월 19, 2018 17:57:15.92 [6664:8928:1219/175715.922:ERROR:in_progress_cache_impl.cc(203)] Cache is not initialized, cannot RetrieveEntry.
12월 19, 2018 18:02:49.20 [6664:8928:1219/180249.206:ERROR:http_bridge.cc(126)] NOT IMPLEMENTED
12월 19, 2018 18:03:03.55 [9376:7232:1219/180303.555:ERROR:in_progress_cache_impl.cc(203)] Cache is not initialized, cannot RetrieveEntry.
12월 19, 2018 18:07:00.18 [9376:7232:1219/180700.180:ERROR:http_bridge.cc(126)] NOT IMPLEMENTED
12월 19, 2018 18:07:16.69 [8624:10628:1219/180716.690:ERROR:in_progress_cache_impl.cc(203)] Cache is not initialized, cannot RetrieveEntry.
12월 19, 2018 18:15:41.75 [8624:10628:1219/181541.757:ERROR:http_bridge.cc(126)] NOT IMPLEMENTED
12월 19, 2018 18:27:08.67 [2564:3644:1219/182708.671:ERROR:in_progress_cache_impl.cc(203)] Cache is not initialized, cannot RetrieveEntry.
12월 19, 2018 18:27:59.37 [2564:3644:1219/182759.378:ERROR:http_bridge.cc(126)] NOT IMPLEMENTED
12월 19, 2018 19:28:16.34 [2944:1128:1219/192816.341:ERROR:in_progress_cache_impl.cc(203)] Cache is not initialized, cannot RetrieveEntry.
12월 19, 2018 19:47:21.69 [2944:8164:1219/194721.690:ERROR:connection_factory_impl.cc(408)] Failed to connect to MCS endpoint with error -106
12월 19, 2018 19:47:29.13 [2944:8164:1219/194729.130:ERROR:connection_factory_impl.cc(408)] Failed to connect to MCS endpoint with error -21

12월 19, 2018 22:04:32.02 NEW SESSION
12월 19, 2018 22:04:32.02 [2500:2832:1219/220432.019:ERROR:in_progress_cache_impl.cc(203)] Cache is not initialized, cannot RetrieveEntry.
12월 19, 2018 22:06:41.39 [2500:2832:1219/220641.391:ERROR:http_bridge.cc(126)] NOT IMPLEMENTED
12월 19, 2018 22:07:08.16 [12544:7192:1219/220708.161:ERROR:in_progress_cache_impl.cc(203)] Cache is not initialized, cannot RetrieveEntry.
12월 19, 2018 22:07:22.61 [12544:7192:1219/220722.610:ERROR:http_bridge.cc(126)] NOT IMPLEMENTED
12월 19, 2018 22:07:42.61 [8076:11580:1219/220742.616:ERROR:in_progress_cache_impl.cc(203)] Cache is not initialized, cannot RetrieveEntry.
12월 19, 2018 22:07:48.87 [8076:11580:1219/220748.869:ERROR:http_bridge.cc(126)] NOT IMPLEMENTED
12월 19, 2018 22:08:04.92 [7084:1696:1219/220804.920:ERROR:in_progress_cache_impl.cc(203)] Cache is not initialized, cannot RetrieveEntry.
12월 19, 2018 22:08:36.78 [7084:1696:1219/220836.783:ERROR:http_bridge.cc(126)] NOT IMPLEMENTED
12월 19, 2018 22:09:15.44 [9268:1156:1219/220915.440:ERROR:in_progress_cache_impl.cc(203)] Cache is not initialized, cannot RetrieveEntry.
12월 19, 2018 22:09:46.20 [9268:1156:1219/220946.208:ERROR:http_bridge.cc(126)] NOT IMPLEMENTED

12월 19, 2018 22:10:33.27 NEW SESSION
12월 19, 2018 22:10:33.27 [6628:2400:1219/221033.264:ERROR:in_progress_cache_impl.cc(203)] Cache is not initialized, cannot RetrieveEntry.
12월 19, 2018 22:23:09.64 [6628:2400:1219/222309.648:ERROR:http_bridge.cc(126)] NOT IMPLEMENTED
12월 19, 2018 22:23:28.17 [6244:6940:1219/222328.174:ERROR:in_progress_cache_impl.cc(203)] Cache is not initialized, cannot RetrieveEntry.
12월 19, 2018 22:33:02.57 [6244:6940:1219/223302.573:ERROR:http_bridge.cc(126)] NOT IMPLEMENTED
12월 19, 2018 22:33:24.78 [5276:11640:1219/223324.778:ERROR:in_progress_cache_impl.cc(203)] Cache is not initialized, cannot RetrieveEntry.
12월 19, 2018 22:38:00.83 [5276:11640:1219/223800.836:ERROR:http_bridge.cc(126)] NOT IMPLEMENTED
12월 19, 2018 22:38:14.84 [312:10648:1219/223814.846:ERROR:in_progress_cache_impl.cc(203)] Cache is not initialized, cannot RetrieveEntry.
12월 19, 2018 22:45:27.88 [312:10648:1219/224527.886:ERROR:http_bridge.cc(126)] NOT IMPLEMENTED
12월 19, 2018 22:45:43.53 [11660:4064:1219/224543.529:ERROR:in_progress_cache_impl.cc(203)] Cache is not initialized, cannot RetrieveEntry.
12월 19, 2018 22:50:15.69 [11660:4064:1219/225015.698:ERROR:http_bridge.cc(126)] NOT IMPLEMENTED
12월 19, 2018 22:50:29.72 [4116:9728:1219/225029.720:ERROR:in_progress_cache_impl.cc(203)] Cache is not initialized, cannot RetrieveEntry.
12월 19, 2018 23:09:08.85 [4116:9728:1219/230908.858:ERROR:http_bridge.cc(126)] NOT IMPLEMENTED
12월 19, 2018 23:37:27.14 [5836:9996:1219/233727.146:ERROR:in_progress_cache_impl.cc(203)] Cache is not initialized, cannot RetrieveEntry.
12월 20, 2018 24:38:44.85 [5836:10068:1220/003844.850:ERROR:connection_factory_impl.cc(408)] Failed to connect to MCS endpoint with error -21
12월 20, 2018 24:38:51.30 [5836:10068:1220/003851.308:ERROR:connection_factory_impl.cc(408)] Failed to connect to MCS endpoint with error -21
12월 20, 2018 24:50:23.70 [5836:9996:1220/005023.704:ERROR:http_bridge.cc(126)] NOT IMPLEMENTED
12월 20, 2018 24:50:43.48 [7684:9076:1220/005043.481:ERROR:in_progress_cache_impl.cc(203)] Cache is not initialized, cannot RetrieveEntry.
12월 20, 2018 01:45:10.44 [7684:9076:1220/014510.444:ERROR:http_bridge.cc(126)] NOT IMPLEMENTED
12월 20, 2018 01:45:19.78 [3244:12748:1220/014519.782:ERROR:in_progress_cache_impl.cc(203)] Cache is not initialized, cannot RetrieveEntry.
12월 20, 2018 02:19:29.89 [3244:12748:1220/021929.891:ERROR:http_bridge.cc(126)] NOT IMPLEMENTED
12월 20, 2018 02:51:26.36 [1332:9116:1220/025126.361:ERROR:in_progress_cache_impl.cc(203)] Cache is not initialized, cannot RetrieveEntry.
12월 20, 2018 03:01:26.12 [1332:9116:1220/030126.123:ERROR:http_bridge.cc(126)] NOT IMPLEMENTED
12월 20, 2018 03:01:36.99 [3100:11452:1220/030136.994:ERROR:in_progress_cache_impl.cc(203)] Cache is not initialized, cannot RetrieveEntry.
12월 20, 2018 03:48:09.46 [3100:11452:1220/034809.461:ERROR:http_bridge.cc(126)] NOT IMPLEMENTED
12월 20, 2018 03:48:28.94 [9380:12472:1220/034828.944:ERROR:in_progress_cache_impl.cc(203)] Cache is not initialized, cannot RetrieveEntry.
12월 20, 2018 03:50:45.36 [9380:12472:1220/035045.364:ERROR:http_bridge.cc(126)] NOT IMPLEMENTED

12월 20, 2018 10:03:49.67 NEW SESSION
12월 20, 2018 10:03:49.67 [8812:10540:1220/100349.658:ERROR:in_progress_cache_impl.cc(203)] Cache is not initialized, cannot RetrieveEntry.
12월 20, 2018 10:11:43.14 [8812:10540:1220/101143.144:ERROR:http_bridge.cc(126)] NOT IMPLEMENTED
12월 20, 2018 10:48:51.45 [7328:13172:1220/104851.449:ERROR:in_progress_cache_impl.cc(203)] Cache is not initialized, cannot RetrieveEntry.
12월 20, 2018 10:51:05.51 [7328:13172:1220/105105.517:ERROR:http_bridge.cc(126)] NOT IMPLEMENTED
12월 20, 2018 13:24:48.26 [13232:9376:1220/132448.263:ERROR:in_progress_cache_impl.cc(203)] Cache is not initialized, cannot RetrieveEntry.
12월 20, 2018 13:24:57.20 [13232:9376:1220/132457.205:ERROR:http_bridge.cc(126)] NOT IMPLEMENTED
12월 20, 2018 13:25:07.15 [6400:7788:1220/132507.150:ERROR:in_progress_cache_impl.cc(203)] Cache is not initialized, cannot RetrieveEntry.
12월 20, 2018 15:12:16.66 [6400:7788:1220/151216.667:ERROR:http_bridge.cc(126)] NOT IMPLEMENTED
12월 20, 2018 15:21:23.98 [10132:7648:1220/152123.982:ERROR:in_progress_cache_impl.cc(203)] Cache is not initialized, cannot RetrieveEntry.
12월 20, 2018 18:00:14.94 [10132:7648:1220/180014.943:ERROR:http_bridge.cc(126)] NOT IMPLEMENTED
12월 20, 2018 21:47:00.23 [3168:8440:1220/214700.236:ERROR:in_progress_cache_impl.cc(203)] Cache is not initialized, cannot RetrieveEntry.
12월 20, 2018 21:48:34.41 [3168:8440:1220/214834.417:ERROR:http_bridge.cc(126)] NOT IMPLEMENTED
12월 20, 2018 22:25:06.69 [7740:12328:1220/222506.696:ERROR:in_progress_cache_impl.cc(203)] Cache is not initialized, cannot RetrieveEntry.
12월 20, 2018 22:43:04.63 [7740:12328:1220/224304.639:ERROR:http_bridge.cc(126)] NOT IMPLEMENTED

12월 21, 2018 10:29:19.96 NEW SESSION
12월 21, 2018 10:29:19.96 [8112:8156:1221/102919.961:ERROR:in_progress_cache_impl.cc(203)] Cache is not initialized, cannot RetrieveEntry.
12월 21, 2018 10:39:53.56 [8112:8156:1221/103953.560:ERROR:http_bridge.cc(126)] NOT IMPLEMENTED
12월 21, 2018 10:39:57.28 [5036:6456:1221/103957.281:ERROR:in_progress_cache_impl.cc(203)] Cache is not initialized, cannot RetrieveEntry.
12월 21, 2018 11:33:33.27 [5036:6456:1221/113333.279:ERROR:http_bridge.cc(126)] NOT IMPLEMENTED
12월 21, 2018 13:23:21.77 [12160:7280:1221/132321.771:ERROR:in_progress_cache_impl.cc(203)] Cache is not initialized, cannot RetrieveEntry.
12월 21, 2018 14:53:52.43 [12160:7280:1221/145352.437:ERROR:http_bridge.cc(126)] NOT IMPLEMENTED
12월 21, 2018 15:19:47.58 [12060:9888:1221/151947.561:ERROR:in_progress_cache_impl.cc(203)] Cache is not initialized, cannot RetrieveEntry.
12월 21, 2018 15:22:05.23 [12060:9888:1221/152205.232:ERROR:http_bridge.cc(126)] NOT IMPLEMENTED
12월 21, 2018 15:22:10.06 [2676:7280:1221/152210.058:ERROR:in_progress_cache_impl.cc(203)] Cache is not initialized, cannot RetrieveEntry.
12월 21, 2018 15:42:53.57 [2676:7280:1221/154253.577:ERROR:http_bridge.cc(126)] NOT IMPLEMENTED
12월 21, 2018 16:11:37.27 [4948:11396:1221/161137.272:ERROR:http_bridge.cc(126)] NOT IMPLEMENTED
12월 21, 2018 16:32:35.91 [4900:8168:1221/163235.909:ERROR:in_progress_cache_impl.cc(203)] Cache is not initialized, cannot RetrieveEntry.
12월 21, 2018 16:35:14.46 [4900:8168:1221/163514.467:ERROR:http_bridge.cc(126)] NOT IMPLEMENTED
12월 21, 2018 16:38:58.57 [2524:7952:1221/163858.575:ERROR:cache_util_win.cc(19)] Unable to move the cache: 0
12월 21, 2018 16:38:58.63 [2524:7952:1221/163858.575:ERROR:cache_util.cc(140)] Unable to move cache folder C:\Users\hushe\AppData\Local\Google\Chrome\User Data\ShaderCache\GPUCache to C:\Users\hushe\AppData\Local\Google\Chrome\User Data\ShaderCache\old_GPUCache_000
12월 21, 2018 16:38:58.64 [2524:7952:1221/163858.575:ERROR:disk_cache.cc(184)] Unable to create cache
12월 21, 2018 16:38:58.70 [2524:7952:1221/163858.575:ERROR:shader_disk_cache.cc(622)] Shader Cache Creation failed: -2
12월 21, 2018 16:38:59.05 [10872:3796:1221/163859.057:ERROR:in_progress_cache_impl.cc(203)] Cache is not initialized, cannot RetrieveEntry.
12월 21, 2018 16:38:59.69 기존 브라우저 세션에서 여는 중입니다.
12월 21, 2018 16:39:02.82 [10872:3796:1221/163902.827:ERROR:http_bridge.cc(126)] NOT IMPLEMENTED
12월 21, 2018 16:49:59.75 [3492:11856:1221/164959.742:ERROR:in_progress_cache_impl.cc(203)] Cache is not initialized, cannot RetrieveEntry.
12월 21, 2018 18:36:52.73 [3492:11536:1221/183652.729:ERROR:connection_factory_impl.cc(408)] Failed to connect to MCS endpoint with error -21
12월 21, 2018 18:36:56.66 [3492:11536:1221/183656.666:ERROR:connection_factory_impl.cc(408)] Failed to connect to MCS endpoint with error -21
12월 21, 2018 18:46:10.80 [3492:11856:1221/184610.801:ERROR:http_bridge.cc(126)] NOT IMPLEMENTED
